e:\descargas\edk_final\edk_workspace_imguiexample\project\vs2015\edk_workspace\debug\vc141.pdb
e:\descargas\edk_final\edk_workspace_imguiexample\project\vs2015\edk_workspace\debug\vc141.idb
e:\descargas\edk_final\edk_workspace_imguiexample\project\vs2015\edk_workspace\debug\imgui.obj
e:\descargas\edk_final\edk_workspace_imguiexample\project\vs2015\edk_workspace\debug\custom_material.obj
e:\descargas\edk_final\edk_workspace_imguiexample\project\vs2015\edk_workspace\debug\ander_texture.obj
e:\descargas\edk_final\edk_workspace_imguiexample\project\vs2015\edk_workspace\debug\ander_shader.obj
e:\descargas\edk_final\edk_workspace_imguiexample\project\vs2015\edk_workspace\debug\ander_program.obj
e:\descargas\edk_final\edk_workspace_imguiexample\project\vs2015\edk_workspace\debug\ander_gpumanager.obj
e:\descargas\edk_final\edk_workspace_imguiexample\project\vs2015\edk_workspace\debug\ander_camera.obj
e:\descargas\edk_final\edk_workspace_imguiexample\project\vs2015\edk_workspace\debug\ander_buffer.obj
e:\descargas\edk_final\edk_workspace_imguiexample\bin\edk_workspace.exe
e:\descargas\edk_final\edk_workspace_imguiexample\bin\edk_workspace.ilk
e:\descargas\edk_final\edk_workspace_imguiexample\bin\edk_workspace.pdb
e:\descargas\edk_final\edk_workspace_imguiexample\project\vs2015\edk_workspace\debug\ander_buffer.obj.enc
e:\descargas\edk_final\edk_workspace_imguiexample\project\vs2015\edk_workspace\..\..\..\bin\edk_workspace.exe
e:\descargas\edk_final\edk_workspace_imguiexample\project\vs2015\edk_workspace\debug\edk_workspace.tlog\cl.command.1.tlog
e:\descargas\edk_final\edk_workspace_imguiexample\project\vs2015\edk_workspace\debug\edk_workspace.tlog\cl.read.1.tlog
e:\descargas\edk_final\edk_workspace_imguiexample\project\vs2015\edk_workspace\debug\edk_workspace.tlog\cl.write.1.tlog
e:\descargas\edk_final\edk_workspace_imguiexample\project\vs2015\edk_workspace\debug\edk_workspace.tlog\link.command.1.tlog
e:\descargas\edk_final\edk_workspace_imguiexample\project\vs2015\edk_workspace\debug\edk_workspace.tlog\link.read.1.tlog
e:\descargas\edk_final\edk_workspace_imguiexample\project\vs2015\edk_workspace\debug\edk_workspace.tlog\link.write.1.tlog
